<?xml version='1.0' encoding='UTF-8'?>
<testsuite hostname="merllab" name="Single_Cycle.PipelineTester" tests="1" errors="0" failures="1" skipped="0" time="0.753" timestamp="2023-12-08T19:53:45">
          <properties>
      <property name="awt.toolkit" value="sun.awt.X11.XToolkit"/><property name="java.specification.version" value="11"/><property name="sun.cpu.isalist" value=""/><property name="sun.jnu.encoding" value="UTF-8"/><property name="sun.arch.data.model" value="64"/><property name="java.vendor.url" value="https://ubuntu.com/"/><property name="sun.boot.library.path" value="/usr/lib/jvm/java-11-openjdk-amd64/lib"/><property name="sun.java.command" value="/home/abdulrehman/.cache/sbt/boot/sbt-launch/1.9.7/sbt-launch-1.9.7.jar"/><property name="jdk.debug" value="release"/><property name="java.specification.vendor" value="Oracle Corporation"/><property name="java.version.date" value="2023-10-17"/><property name="java.home" value="/usr/lib/jvm/java-11-openjdk-amd64"/><property name="file.separator" value="/"/><property name="java.vm.compressedOopsMode" value="32-bit"/><property name="line.separator" value="
"/><property name="java.specification.name" value="Java Platform API Specification"/><property name="java.vm.specification.vendor" value="Oracle Corporation"/><property name="sun.management.compiler" value="HotSpot 64-Bit Tiered Compilers"/><property name="java.runtime.version" value="11.0.21+9-post-Ubuntu-0ubuntu122.04"/><property name="user.name" value="abdulrehman"/><property name="log4j.ignoreTCL" value="true"/><property name="file.encoding" value="UTF-8"/><property name="jnidispatch.path" value="/home/abdulrehman/.cache/JNA/temp/jna5906753033018930443.tmp"/><property name="jna.loaded" value="true"/><property name="java.io.tmpdir" value="/tmp"/><property name="java.version" value="11.0.21"/><property name="java.vm.specification.name" value="Java Virtual Machine Specification"/><property name="java.awt.printerjob" value="sun.print.PSPrinterJob"/><property name="sun.os.patch.level" value="unknown"/><property name="java.library.path" value="/usr/java/packages/lib:/usr/lib/x86_64-linux-gnu/jni:/lib/x86_64-linux-gnu:/usr/lib/x86_64-linux-gnu:/usr/lib/jni:/lib:/usr/lib"/><property name="java.vendor" value="Ubuntu"/><property name="java.specification.maintenance.version" value="2"/><property name="scala.ext.dirs" value="/home/abdulrehman/.sbt/1.0/java9-rt-ext-ubuntu_11_0_21"/><property name="sun.io.unicode.encoding" value="UnicodeLittle"/><property name="sun.desktop" value="gnome"/><property name="java.class.path" value="/home/abdulrehman/.cache/sbt/boot/sbt-launch/1.9.7/sbt-launch-1.9.7.jar"/><property name="java.vm.vendor" value="Ubuntu"/><property name="jline.shutdownhook" value="false"/><property name="user.timezone" value="Asia/Karachi"/><property name="os.name" value="Linux"/><property name="java.vm.specification.version" value="11"/><property name="sun.java.launcher" value="SUN_STANDARD"/><property name="user.country" value="US"/><property name="sun.cpu.endian" value="little"/><property name="user.home" value="/home/abdulrehman"/><property name="user.language" value="en"/><property name="sbt.script" value="/usr/bin/sbt"/><property name="sbt.ipcsocket.tmpdir" value="/run/user/1001/.sbtc64eca0f/ipcsocket"/><property name="swoval.tmpdir" value="/run/user/1001/.sbtc64eca0f/swoval"/><property name="java.awt.graphicsenv" value="sun.awt.X11GraphicsEnvironment"/><property name="jline.esc.timeout" value="0"/><property name="path.separator" value=":"/><property name="os.version" value="6.2.0-37-generic"/><property name="jna.nosys" value="true"/><property name="java.runtime.name" value="OpenJDK Runtime Environment"/><property name="java.vm.name" value="OpenJDK 64-Bit Server VM"/><property name="jna.platform.library.path" value="/usr/lib/x86_64-linux-gnu:/lib/x86_64-linux-gnu:/usr/lib64:/lib64:/usr/lib:/lib:/usr/lib64/digilent/adept:/usr/lib/x86_64-linux-gnu/libfakeroot"/><property name="java.vendor.url.bug" value="https://bugs.launchpad.net/ubuntu/+source/openjdk-lts"/><property name="user.dir" value="/home/abdulrehman/Desktop/5_stage_pipeline"/><property name="os.arch" value="amd64"/><property name="java.vm.info" value="mixed mode, sharing"/><property name="java.vm.version" value="11.0.21+9-post-Ubuntu-0ubuntu122.04"/><property name="java.class.version" value="55.0"/>
    </properties>
          <testcase classname="Single_Cycle.PipelineTester" name="Pipeline Test" time="0.753">
                      <failure message="Connection between sink (Bool(IO in unelaborated Decode)) and source (Bool(IO io_dobranch in CU)) failed @: Sink is unwriteable by current module." type="chisel3.internal.ChiselException">chisel3.internal.ChiselException: Connection between sink (Bool(IO in unelaborated Decode)) and source (Bool(IO io_dobranch in CU)) failed @: Sink is unwriteable by current module.
	at ... ()
	at Single_Cycle.Decode.&lt;init&gt;(Decode.scala:60)
	at Single_Cycle.TopCore_5stage.$anonfun$Decode$2(TopCore_5stage.scala:12)
	at chisel3.Module$.do_apply(Module.scala:54)
	at Single_Cycle.TopCore_5stage.$anonfun$Decode$1(TopCore_5stage.scala:12)
	at chisel3.internal.plugin.package$.autoNameRecursively(package.scala:52)
	at Single_Cycle.TopCore_5stage.&lt;init&gt;(TopCore_5stage.scala:12)
	at Single_Cycle.PipelineTester.$anonfun$new$2(PipelineTester.scala:8)
	at ... ()
	at ... (Stack trace trimmed to user code only. Rerun with --full-stacktrace to see the full stack trace)
</failure>
                    </testcase>
          <system-out><![CDATA[]]></system-out>
          <system-err><![CDATA[]]></system-err>
        </testsuite>